Arguments: 
  C:\Program Files\nodejs\node.exe C:\Program Files (x86)\Yarn\bin\yarn.js install

PATH: 
  C:\Program Files\Common Files\Oracle\Java\javapath;C:\ProgramData\Oracle\Java\javapath;C:\Program Files (x86)\Intel\iCLS Client\;C:\Program Files\Intel\iCLS Client\;C:\WINDOWS\system32;C:\WINDOWS;C:\WINDOWS\System32\Wbem;C:\WINDOWS\System32\WindowsPowerShell\v1.0\;C:\Program Files (x86)\Intel\Intel(R) Management Engine Components\DAL;C:\Program Files\Intel\Intel(R) Management Engine Components\DAL;C:\Program Files (x86)\Intel\Intel(R) Management Engine Components\IPT;C:\Program Files\Intel\Intel(R) Management Engine Components\IPT;C:\Program Files\Git\cmd;C:\WINDOWS\System32\OpenSSH\;C:\Users\Ananya\Downloads\jdk-11.0.9_windows-x64_bin\jdk-11.0.9\bin;C:\Program Files\nodejs\;C:\Program Files (x86)\Yarn\bin\;C:\Users\Ananya\.jdks\openjdk-16.0.1\bin;C:\Users\Ananya\AppData\Roaming\npm;C:\Users\Ananya\AppData\Local\Yarn\bin

Yarn version: 
  1.22.5

Node version: 
  14.17.3

Platform: 
  win32 x64

Trace: 
  Error: https://registry.npmjs.org/@material-ui/core/-/core-4.12.2.tgz: ESOCKETTIMEDOUT
      at ClientRequest.<anonymous> (C:\Program Files (x86)\Yarn\lib\cli.js:141376:19)
      at Object.onceWrapper (events.js:481:28)
      at ClientRequest.emit (events.js:375:28)
      at TLSSocket.emitRequestTimeout (_http_client.js:790:9)
      at Object.onceWrapper (events.js:481:28)
      at TLSSocket.emit (events.js:387:35)
      at TLSSocket.Socket._onTimeout (net.js:484:8)
      at listOnTimeout (internal/timers.js:557:17)
      at processTimers (internal/timers.js:500:7)

npm manifest: 
  {
    "name": "upstac-ui",
    "version": "0.1.0",
    "private": true,
    "dependencies": {
      "@material-ui/core": "^4.11.0",
      "@material-ui/icons": "^4.9.1",
      "@material-ui/lab": "^4.0.0-alpha.56",
      "@reduxjs/toolkit": "^1.4.0",
      "D": "^1.0.0",
      "axios": "^0.19.2",
      "chart.js": "^2.9.3",
      "chartjs-plugin-datalabels": "^0.7.0",
      "local-storage": "^2.0.0",
      "mui-datatables": "^3.4.0",
      "node-sass": "^4.14.1",
      "react": "^16.13.1",
      "react-chartjs-2": "^2.10.0",
      "react-dom": "^16.13.1",
      "react-draggable": "^4.4.3",
      "react-redux": "^7.2.1",
      "react-router-dom": "^5.2.0",
      "react-scripts": "^3.4.3",
      "redux": "^4.0.5",
      "redux-logger": "^3.0.6",
      "redux-persist": "^6.0.0",
      "redux-thunk": "^2.3.0",
      "rxjs": "^6.6.2"
    },
    "scripts": {
      "start": "react-scripts start",
      "build": "react-scripts build",
      "test": "react-scripts test",
      "test-ci": "react-scripts test a --watchAll=false",
      "test:coverage": "react-scripts test --coverage --watchAll=false",
      "eject": "react-scripts eject"
    },
    "eslintConfig": {
      "extends": "react-app"
    },
    "browserslist": {
      "production": [
        ">0.2%",
        "not dead",
        "not op_mini all"
      ],
      "development": [
        "last 1 chrome version",
        "last 1 firefox version",
        "last 1 safari version"
      ]
    },
    "devDependencies": {
      "@testing-library/dom": "^7.22.2",
      "@testing-library/jest-dom": "^5.11.3",
      "@testing-library/react": "^10.4.8",
      "@testing-library/user-event": "^7.1.2",
      "axios-mock-adapter": "^1.18.2",
      "css-mediaquery": "^0.1.2",
      "enzyme": "^3.11.0",
      "enzyme-adapter-react-16": "^1.15.3",
      "history": "latest",
      "react-test-renderer": "^16.13.1",
      "redux-devtools-extension": "^2.13.8",
      "redux-mock-store": "^1.5.4"
    },
    "jest": {
      "coveragePathIgnorePatterns": [
        "src/serviceWorker.js",
        "src/index.js"
      ]
    }
  }

yarn manifest: 
  No manifest

Lockfile: 
  No lockfile
